<?xml version="1.0" encoding="UTF-8"?>
<testng-results ignored="0" total="1" passed="1" failed="0" skipped="0">
  <reporter-output>
  </reporter-output>
  <suite started-at="2021-01-07T08:31:47Z" name="Default suite" finished-at="2021-01-07T08:32:37Z" duration-ms="49550">
    <groups>
    </groups>
    <test started-at="2021-01-07T08:31:47Z" name="Default test" finished-at="2021-01-07T08:32:37Z" duration-ms="49550">
      <class name="com.ShoppingApplication.scripts.AddToCart1">
        <test-method is-config="true" signature="openapp()[pri:0, instance:com.ShoppingApplication.scripts.AddToCart1@2df3b89c]" started-at="2021-01-07T08:31:47Z" name="openapp" finished-at="2021-01-07T08:32:09Z" duration-ms="22298" status="PASS">
          <reporter-output>
          </reporter-output>
        </test-method> <!-- openapp -->
        <test-method signature="cart()[pri:0, instance:com.ShoppingApplication.scripts.AddToCart1@2df3b89c]" started-at="2021-01-07T08:32:09Z" name="cart" finished-at="2021-01-07T08:32:36Z" duration-ms="27027" status="PASS">
          <reporter-output>
          </reporter-output>
        </test-method> <!-- cart -->
        <test-method is-config="true" signature="closeapp(org.testng.ITestResult)[pri:0, instance:com.ShoppingApplication.scripts.AddToCart1@2df3b89c]" started-at="2021-01-07T08:32:36Z" name="closeapp" finished-at="2021-01-07T08:32:37Z" duration-ms="137" status="PASS">
          <params>
            <param index="0">
              <value>
                <![CDATA[[TestResult name=cart status=SUCCESS method=AddToCart1.cart()[pri:0, instance:com.ShoppingApplication.scripts.AddToCart1@2df3b89c] output={null}]]]>
              </value>
            </param>
          </params>
          <reporter-output>
          </reporter-output>
        </test-method> <!-- closeapp -->
      </class> <!-- com.ShoppingApplication.scripts.AddToCart1 -->
    </test> <!-- Default test -->
  </suite> <!-- Default suite -->
</testng-results>
